{
  "reportPath": "/opt/leaf-websocket-backend/stress-test-multi-user-1772801673888.json",
  "scenario": {
    "drivers": 10000,
    "passengers": 1000,
    "ratio": "10000:1000",
    "serverUrl": "http://127.0.0.1:3001",
    "tokenConcurrency": 80,
    "socketConcurrency": 300
  },
  "tokenStats": {
    "requested": 1000,
    "ok": 1000,
    "failed": 0,
    "durationSec": 4.81,
    "perSec": 207.81
  },
  "seedStats": {
    "seeded": 10000,
    "durationSec": 0.4,
    "perSec": 25062.66
  },
  "flow": {
    "total": 1000,
    "success": 0,
    "failed": 1000,
    "successRate": 0,
    "durationSec": 90.06,
    "throughputReqPerSec": 11.1,
    "latencyMs": {
      "p50": 0,
      "p95": 0,
      "p99": 0,
      "max": 0
    },
    "topErrors": [
      {
        "error": "connect:timeout",
        "count": 780
      },
      {
        "error": "timeout:timeout_30s",
        "count": 220
      }
    ]
  },
  "totalDurationSec": 95.65,
  "timestamp": "2026-03-06T12:56:09.535Z"
}
