{
  "reportPath": "/opt/leaf-websocket-backend/stress-test-multi-user-1772802903763.json",
  "scenario": {
    "drivers": 10000,
    "passengers": 1000,
    "ratio": "10000:1000",
    "serverUrl": "http://127.0.0.1:3001",
    "tokenConcurrency": 80,
    "socketConcurrency": 300
  },
  "tokenStats": {
    "requested": 1000,
    "ok": 1000,
    "failed": 0,
    "durationSec": 5.54,
    "perSec": 180.64
  },
  "seedStats": {
    "seeded": 10000,
    "durationSec": 0.51,
    "perSec": 19607.84
  },
  "flow": {
    "total": 1000,
    "success": 129,
    "failed": 871,
    "successRate": 12.9,
    "durationSec": 88.58,
    "throughputReqPerSec": 11.29,
    "latencyMs": {
      "p50": 22270,
      "p95": 25733,
      "p99": 25905,
      "max": 25917
    },
    "topErrors": [
      {
        "error": "connect:timeout",
        "count": 644
      },
      {
        "error": "timeout:timeout_30s",
        "count": 227
      }
    ]
  },
  "totalDurationSec": 95.89,
  "timestamp": "2026-03-06T13:16:39.651Z"
}
