{
  "reportPath": "/opt/leaf-websocket-backend/stress-test-multi-user-1772801144526.json",
  "scenario": {
    "drivers": 10000,
    "passengers": 1000,
    "ratio": "10000:1000",
    "serverUrl": "http://127.0.0.1:3001",
    "tokenConcurrency": 80,
    "socketConcurrency": 300
  },
  "tokenStats": {
    "requested": 1000,
    "ok": 1000,
    "failed": 0,
    "durationSec": 5.45,
    "perSec": 183.35
  },
  "seedStats": {
    "seeded": 10000,
    "durationSec": 0.71,
    "perSec": 14064.7
  },
  "flow": {
    "total": 1000,
    "success": 161,
    "failed": 839,
    "successRate": 16.1,
    "durationSec": 107.86,
    "throughputReqPerSec": 9.27,
    "latencyMs": {
      "p50": 13989,
      "p95": 26665,
      "p99": 27686,
      "max": 27846
    },
    "topErrors": [
      {
        "error": "connect:timeout",
        "count": 815
      },
      {
        "error": "timeout:timeout_30s",
        "count": 24
      }
    ]
  },
  "totalDurationSec": 114.46,
  "timestamp": "2026-03-06T12:47:38.990Z"
}
