2025-07-29 01:24:21 [INFO]: Servidor WebSocket iniciado com sucesso {"port":3001,"environment":"development"}
2025-07-29 01:24:21 [INFO]: Health checks periódicos iniciados {"interval":30000}
2025-07-29 01:24:51 [INFO]: Performance: Redis Health Check {"duration":"31ms","operation":"Redis Health Check","status":"healthy"}
2025-07-29 01:24:52 [ERROR]: WebSocket health check falhou {"error":"socket hang up"}
2025-07-29 01:25:47 [INFO]: Teste de logging estruturado {"test":"logging"}
2025-07-29 01:25:47 [WARN]: Teste de warning {"test":"warning"}
2025-07-29 01:25:47 [ERROR]: Teste de erro {"test":"error"}
2025-07-29 01:25:47 [ERROR]: API health check falhou {"error":"fetch failed"}
2025-07-29 01:25:47 [ERROR]: WebSocket health check falhou {"error":"connect ECONNREFUSED 127.0.0.1:3001"}
2025-07-29 01:25:47 [INFO]: Performance: Redis Health Check {"duration":"46ms","operation":"Redis Health Check","status":"healthy"}
2025-07-29 01:25:47 [WARN]: Alguns health checks falharam {"results":[{"check":"redis","status":"fulfilled","value":true},{"check":"api","status":"fulfilled","value":false},{"check":"websocket","status":"fulfilled","value":false},{"check":"system","status":"fulfilled","value":true},{"check":"external","status":"fulfilled","value":true}]}
2025-07-29 01:36:19 [INFO]: Servidor WebSocket iniciado com sucesso {"port":3001,"environment":"development"}
2025-07-29 01:36:19 [INFO]: Health checks periódicos iniciados {"interval":30000}
2025-07-29 01:36:49 [INFO]: Performance: Redis Health Check {"duration":"33ms","operation":"Redis Health Check","status":"healthy"}
2025-07-29 01:36:50 [ERROR]: WebSocket health check falhou {"error":"socket hang up"}
2025-07-29 01:41:50 [ERROR]: API health check falhou {"error":"fetch failed"}
2025-07-29 01:41:50 [WARN]: Alguns health checks falharam {"results":[{"check":"redis","status":"fulfilled","value":true},{"check":"api","status":"fulfilled","value":false},{"check":"websocket","status":"fulfilled","value":false},{"check":"system","status":"fulfilled","value":true},{"check":"external","status":"fulfilled","value":true}]}
2025-07-29 01:42:19 [INFO]: Performance: Redis Health Check {"duration":"3ms","operation":"Redis Health Check","status":"healthy"}
2025-07-29 01:42:20 [ERROR]: WebSocket health check falhou {"error":"socket hang up"}
2025-07-29 01:47:20 [ERROR]: API health check falhou {"error":"fetch failed"}
2025-07-29 01:47:20 [WARN]: Alguns health checks falharam {"results":[{"check":"redis","status":"fulfilled","value":true},{"check":"api","status":"fulfilled","value":false},{"check":"websocket","status":"fulfilled","value":false},{"check":"system","status":"fulfilled","value":true},{"check":"external","status":"fulfilled","value":true}]}
2025-07-29 01:47:49 [INFO]: Performance: Redis Health Check {"duration":"2ms","operation":"Redis Health Check","status":"healthy"}
2025-07-29 01:47:50 [ERROR]: WebSocket health check falhou {"error":"socket hang up"}
2025-07-29 01:52:50 [ERROR]: API health check falhou {"error":"fetch failed"}
2025-07-29 01:52:50 [WARN]: Alguns health checks falharam {"results":[{"check":"redis","status":"fulfilled","value":true},{"check":"api","status":"fulfilled","value":false},{"check":"websocket","status":"fulfilled","value":false},{"check":"system","status":"fulfilled","value":true},{"check":"external","status":"fulfilled","value":true}]}
2025-07-29 01:53:19 [INFO]: Performance: Redis Health Check {"duration":"2ms","operation":"Redis Health Check","status":"healthy"}
2025-07-29 01:53:20 [ERROR]: WebSocket health check falhou {"error":"socket hang up"}
2025-07-29 01:58:20 [ERROR]: API health check falhou {"error":"fetch failed"}
2025-07-29 01:58:20 [WARN]: Alguns health checks falharam {"results":[{"check":"redis","status":"fulfilled","value":true},{"check":"api","status":"fulfilled","value":false},{"check":"websocket","status":"fulfilled","value":false},{"check":"system","status":"fulfilled","value":true},{"check":"external","status":"fulfilled","value":true}]}
2025-07-29 01:58:49 [INFO]: Performance: Redis Health Check {"duration":"4ms","operation":"Redis Health Check","status":"healthy"}
2025-07-29 01:58:50 [ERROR]: WebSocket health check falhou {"error":"socket hang up"}
2025-07-29 02:03:50 [ERROR]: API health check falhou {"error":"fetch failed"}
2025-07-29 02:03:50 [WARN]: Alguns health checks falharam {"results":[{"check":"redis","status":"fulfilled","value":true},{"check":"api","status":"fulfilled","value":false},{"check":"websocket","status":"fulfilled","value":false},{"check":"system","status":"fulfilled","value":true},{"check":"external","status":"fulfilled","value":true}]}
2025-07-29 02:04:19 [INFO]: Performance: Redis Health Check {"duration":"2ms","operation":"Redis Health Check","status":"healthy"}
2025-07-29 02:04:20 [ERROR]: WebSocket health check falhou {"error":"socket hang up"}
2025-07-29 02:09:20 [ERROR]: API health check falhou {"error":"fetch failed"}
2025-07-29 02:09:20 [WARN]: Alguns health checks falharam {"results":[{"check":"redis","status":"fulfilled","value":true},{"check":"api","status":"fulfilled","value":false},{"check":"websocket","status":"fulfilled","value":false},{"check":"system","status":"fulfilled","value":true},{"check":"external","status":"fulfilled","value":true}]}
2025-07-29 02:09:49 [INFO]: Performance: Redis Health Check {"duration":"2ms","operation":"Redis Health Check","status":"healthy"}
2025-07-29 02:09:50 [ERROR]: WebSocket health check falhou {"error":"socket hang up"}
2025-07-29 02:14:50 [ERROR]: API health check falhou {"error":"fetch failed"}
2025-07-29 02:14:50 [WARN]: Alguns health checks falharam {"results":[{"check":"redis","status":"fulfilled","value":true},{"check":"api","status":"fulfilled","value":false},{"check":"websocket","status":"fulfilled","value":false},{"check":"system","status":"fulfilled","value":true},{"check":"external","status":"fulfilled","value":true}]}
2025-07-29 02:15:19 [INFO]: Performance: Redis Health Check {"duration":"2ms","operation":"Redis Health Check","status":"healthy"}
2025-07-29 02:15:20 [ERROR]: WebSocket health check falhou {"error":"socket hang up"}
2025-07-29 02:20:20 [ERROR]: API health check falhou {"error":"fetch failed"}
2025-07-29 02:20:20 [WARN]: Alguns health checks falharam {"results":[{"check":"redis","status":"fulfilled","value":true},{"check":"api","status":"fulfilled","value":false},{"check":"websocket","status":"fulfilled","value":false},{"check":"system","status":"fulfilled","value":true},{"check":"external","status":"fulfilled","value":true}]}
2025-07-29 02:20:49 [INFO]: Performance: Redis Health Check {"duration":"2ms","operation":"Redis Health Check","status":"healthy"}
2025-07-29 02:20:50 [ERROR]: WebSocket health check falhou {"error":"socket hang up"}
2025-07-29 02:25:50 [ERROR]: API health check falhou {"error":"fetch failed"}
2025-07-29 02:25:50 [WARN]: Alguns health checks falharam {"results":[{"check":"redis","status":"fulfilled","value":true},{"check":"api","status":"fulfilled","value":false},{"check":"websocket","status":"fulfilled","value":false},{"check":"system","status":"fulfilled","value":true},{"check":"external","status":"fulfilled","value":true}]}
2025-07-29 02:26:19 [INFO]: Performance: Redis Health Check {"duration":"2ms","operation":"Redis Health Check","status":"healthy"}
2025-07-29 02:26:20 [ERROR]: WebSocket health check falhou {"error":"socket hang up"}
2025-07-29 02:31:20 [ERROR]: API health check falhou {"error":"fetch failed"}
2025-07-29 02:31:20 [WARN]: Alguns health checks falharam {"results":[{"check":"redis","status":"fulfilled","value":true},{"check":"api","status":"fulfilled","value":false},{"check":"websocket","status":"fulfilled","value":false},{"check":"system","status":"fulfilled","value":true},{"check":"external","status":"fulfilled","value":true}]}
2025-07-29 02:31:49 [INFO]: Performance: Redis Health Check {"duration":"3ms","operation":"Redis Health Check","status":"healthy"}
2025-07-29 02:31:50 [ERROR]: WebSocket health check falhou {"error":"socket hang up"}
2025-07-29 02:36:50 [ERROR]: API health check falhou {"error":"fetch failed"}
2025-07-29 02:36:50 [WARN]: Alguns health checks falharam {"results":[{"check":"redis","status":"fulfilled","value":true},{"check":"api","status":"fulfilled","value":false},{"check":"websocket","status":"fulfilled","value":false},{"check":"system","status":"fulfilled","value":true},{"check":"external","status":"fulfilled","value":true}]}
2025-07-29 02:37:19 [INFO]: Performance: Redis Health Check {"duration":"4ms","operation":"Redis Health Check","status":"healthy"}
2025-07-29 02:37:20 [ERROR]: WebSocket health check falhou {"error":"socket hang up"}
2025-07-29 02:42:20 [ERROR]: API health check falhou {"error":"fetch failed"}
2025-07-29 02:42:20 [WARN]: Alguns health checks falharam {"results":[{"check":"redis","status":"fulfilled","value":true},{"check":"api","status":"fulfilled","value":false},{"check":"websocket","status":"fulfilled","value":false},{"check":"system","status":"fulfilled","value":true},{"check":"external","status":"fulfilled","value":true}]}
2025-07-29 02:42:49 [INFO]: Performance: Redis Health Check {"duration":"2ms","operation":"Redis Health Check","status":"healthy"}
2025-07-29 02:42:50 [ERROR]: WebSocket health check falhou {"error":"socket hang up"}
2025-07-29 02:47:50 [ERROR]: API health check falhou {"error":"fetch failed"}
2025-07-29 02:47:50 [WARN]: Alguns health checks falharam {"results":[{"check":"redis","status":"fulfilled","value":true},{"check":"api","status":"fulfilled","value":false},{"check":"websocket","status":"fulfilled","value":false},{"check":"system","status":"fulfilled","value":true},{"check":"external","status":"fulfilled","value":true}]}
2025-07-29 02:48:19 [INFO]: Performance: Redis Health Check {"duration":"2ms","operation":"Redis Health Check","status":"healthy"}
2025-07-29 02:48:20 [ERROR]: WebSocket health check falhou {"error":"socket hang up"}
2025-07-29 02:53:20 [ERROR]: API health check falhou {"error":"fetch failed"}
2025-07-29 02:53:20 [WARN]: Alguns health checks falharam {"results":[{"check":"redis","status":"fulfilled","value":true},{"check":"api","status":"fulfilled","value":false},{"check":"websocket","status":"fulfilled","value":false},{"check":"system","status":"fulfilled","value":true},{"check":"external","status":"fulfilled","value":true}]}
2025-07-29 02:53:49 [INFO]: Performance: Redis Health Check {"duration":"2ms","operation":"Redis Health Check","status":"healthy"}
2025-07-29 02:53:50 [ERROR]: WebSocket health check falhou {"error":"socket hang up"}
2025-07-29 02:58:50 [ERROR]: API health check falhou {"error":"fetch failed"}
2025-07-29 02:58:50 [WARN]: Alguns health checks falharam {"results":[{"check":"redis","status":"fulfilled","value":true},{"check":"api","status":"fulfilled","value":false},{"check":"websocket","status":"fulfilled","value":false},{"check":"system","status":"fulfilled","value":true},{"check":"external","status":"fulfilled","value":true}]}
2025-07-29 02:59:19 [INFO]: Performance: Redis Health Check {"duration":"2ms","operation":"Redis Health Check","status":"healthy"}
2025-07-29 02:59:20 [ERROR]: WebSocket health check falhou {"error":"socket hang up"}
2025-07-29 03:04:20 [ERROR]: API health check falhou {"error":"fetch failed"}
2025-07-29 03:04:20 [WARN]: Alguns health checks falharam {"results":[{"check":"redis","status":"fulfilled","value":true},{"check":"api","status":"fulfilled","value":false},{"check":"websocket","status":"fulfilled","value":false},{"check":"system","status":"fulfilled","value":true},{"check":"external","status":"fulfilled","value":true}]}
2025-07-29 03:04:49 [INFO]: Performance: Redis Health Check {"duration":"1ms","operation":"Redis Health Check","status":"healthy"}
2025-07-29 03:04:50 [ERROR]: WebSocket health check falhou {"error":"socket hang up"}
2025-07-29 03:09:50 [ERROR]: API health check falhou {"error":"fetch failed"}
2025-07-29 03:09:50 [WARN]: Alguns health checks falharam {"results":[{"check":"redis","status":"fulfilled","value":true},{"check":"api","status":"fulfilled","value":false},{"check":"websocket","status":"fulfilled","value":false},{"check":"system","status":"fulfilled","value":true},{"check":"external","status":"fulfilled","value":true}]}
2025-07-29 03:10:19 [INFO]: Performance: Redis Health Check {"duration":"1ms","operation":"Redis Health Check","status":"healthy"}
2025-07-29 03:10:20 [ERROR]: WebSocket health check falhou {"error":"socket hang up"}
2025-07-29 03:15:20 [ERROR]: API health check falhou {"error":"fetch failed"}
2025-07-29 03:15:20 [WARN]: Alguns health checks falharam {"results":[{"check":"redis","status":"fulfilled","value":true},{"check":"api","status":"fulfilled","value":false},{"check":"websocket","status":"fulfilled","value":false},{"check":"system","status":"fulfilled","value":true},{"check":"external","status":"fulfilled","value":true}]}
2025-07-29 03:15:49 [INFO]: Performance: Redis Health Check {"duration":"1ms","operation":"Redis Health Check","status":"healthy"}
2025-07-29 03:15:50 [ERROR]: WebSocket health check falhou {"error":"socket hang up"}
2025-07-29 03:20:50 [ERROR]: API health check falhou {"error":"fetch failed"}
2025-07-29 03:20:50 [WARN]: Alguns health checks falharam {"results":[{"check":"redis","status":"fulfilled","value":true},{"check":"api","status":"fulfilled","value":false},{"check":"websocket","status":"fulfilled","value":false},{"check":"system","status":"fulfilled","value":true},{"check":"external","status":"fulfilled","value":true}]}
2025-07-29 03:21:19 [INFO]: Performance: Redis Health Check {"duration":"2ms","operation":"Redis Health Check","status":"healthy"}
2025-07-29 03:21:20 [ERROR]: WebSocket health check falhou {"error":"socket hang up"}
2025-07-29 03:26:20 [ERROR]: API health check falhou {"error":"fetch failed"}
2025-07-29 03:26:20 [WARN]: Alguns health checks falharam {"results":[{"check":"redis","status":"fulfilled","value":true},{"check":"api","status":"fulfilled","value":false},{"check":"websocket","status":"fulfilled","value":false},{"check":"system","status":"fulfilled","value":true},{"check":"external","status":"fulfilled","value":true}]}
2025-07-29 03:26:49 [INFO]: Performance: Redis Health Check {"duration":"3ms","operation":"Redis Health Check","status":"healthy"}
2025-07-29 03:26:50 [ERROR]: WebSocket health check falhou {"error":"socket hang up"}
2025-07-29 03:31:50 [ERROR]: API health check falhou {"error":"fetch failed"}
2025-07-29 03:31:50 [WARN]: Alguns health checks falharam {"results":[{"check":"redis","status":"fulfilled","value":true},{"check":"api","status":"fulfilled","value":false},{"check":"websocket","status":"fulfilled","value":false},{"check":"system","status":"fulfilled","value":true},{"check":"external","status":"fulfilled","value":true}]}
2025-07-29 03:32:19 [INFO]: Performance: Redis Health Check {"duration":"1ms","operation":"Redis Health Check","status":"healthy"}
2025-07-29 03:32:20 [ERROR]: WebSocket health check falhou {"error":"socket hang up"}
2025-07-29 03:37:20 [ERROR]: API health check falhou {"error":"fetch failed"}
2025-07-29 03:37:20 [WARN]: Alguns health checks falharam {"results":[{"check":"redis","status":"fulfilled","value":true},{"check":"api","status":"fulfilled","value":false},{"check":"websocket","status":"fulfilled","value":false},{"check":"system","status":"fulfilled","value":true},{"check":"external","status":"fulfilled","value":true}]}
2025-07-29 03:37:49 [INFO]: Performance: Redis Health Check {"duration":"3ms","operation":"Redis Health Check","status":"healthy"}
2025-07-29 03:37:50 [ERROR]: WebSocket health check falhou {"error":"socket hang up"}
2025-07-29 03:42:50 [ERROR]: API health check falhou {"error":"fetch failed"}
2025-07-29 03:42:50 [WARN]: Alguns health checks falharam {"results":[{"check":"redis","status":"fulfilled","value":true},{"check":"api","status":"fulfilled","value":false},{"check":"websocket","status":"fulfilled","value":false},{"check":"system","status":"fulfilled","value":true},{"check":"external","status":"fulfilled","value":true}]}
2025-07-29 03:43:19 [INFO]: Performance: Redis Health Check {"duration":"2ms","operation":"Redis Health Check","status":"healthy"}
2025-07-29 03:43:20 [ERROR]: WebSocket health check falhou {"error":"socket hang up"}
2025-08-20 12:24:55 [INFO]: ✅ FCM Service inicializado com sucesso
2025-08-20 12:24:55 [INFO]: Servidor WebSocket iniciado com sucesso {"port":3001,"environment":"development"}
2025-08-20 12:24:55 [INFO]: Health checks periódicos iniciados {"interval":30000}
2025-08-20 12:24:55 [INFO]: ✅ Promo Service inicializado com sucesso
2025-08-20 12:24:55 [INFO]: 🔄 Sincronização automática iniciada a cada 300 segundos
2025-08-20 12:24:55 [INFO]: ✅ Sync Service inicializado
2025-08-20 12:24:55 [INFO]: ✅ Driver Notification Service inicializado
2025-08-20 12:24:55 [INFO]: ✅ Driver Approval Service inicializado
2025-08-20 12:24:55 [INFO]: ✅ Metrics Service inicializado
2025-08-20 12:24:55 [INFO]: ✅ Chat Service inicializado com sucesso
2025-08-20 12:25:25 [INFO]: Performance: Redis Health Check {"duration":"51ms","operation":"Redis Health Check","status":"healthy"}
2025-08-20 12:25:26 [ERROR]: WebSocket health check falhou {"error":"socket hang up"}
2025-08-20 12:25:42 [INFO]: ✅ FCM Service inicializado com sucesso
2025-08-20 12:25:42 [INFO]: Servidor WebSocket iniciado com sucesso {"port":3001,"environment":"development"}
2025-08-20 12:25:42 [INFO]: Health checks periódicos iniciados {"interval":30000}
2025-08-20 12:25:42 [INFO]: ✅ Promo Service inicializado com sucesso
2025-08-20 12:25:42 [INFO]: ✅ Driver Notification Service inicializado
2025-08-20 12:25:42 [INFO]: ✅ Driver Approval Service inicializado
2025-08-20 12:25:42 [INFO]: ✅ Chat Service inicializado com sucesso
2025-08-20 12:25:42 [INFO]: 🔄 Sincronização automática iniciada a cada 300 segundos
2025-08-20 12:25:42 [INFO]: ✅ Sync Service inicializado
2025-08-20 12:25:42 [INFO]: ✅ Metrics Service inicializado
2025-08-20 12:26:12 [INFO]: Performance: Redis Health Check {"duration":"35ms","operation":"Redis Health Check","status":"healthy"}
2025-08-20 12:26:13 [ERROR]: WebSocket health check falhou {"error":"socket hang up"}
2025-08-20 12:30:52 [INFO]: ✅ FCM Service inicializado com sucesso
2025-08-20 12:30:52 [INFO]: Servidor HTTP iniciado com sucesso {"port":3001,"environment":"development"}
2025-08-20 12:30:52 [INFO]: Servidor WebSocket iniciado com sucesso {"port":3002,"environment":"development"}
2025-08-20 12:30:52 [INFO]: Health checks periódicos iniciados {"interval":30000}
2025-08-20 12:30:52 [INFO]: ✅ Chat Service inicializado com sucesso
2025-08-20 12:30:52 [INFO]: 🔄 Sincronização automática iniciada a cada 300 segundos
2025-08-20 12:31:07 [INFO]: ✅ FCM Service inicializado com sucesso
2025-08-20 12:31:07 [INFO]: Servidor HTTP iniciado com sucesso {"port":3001,"environment":"development"}
2025-08-20 12:31:07 [INFO]: Servidor WebSocket iniciado com sucesso {"port":3002,"environment":"development"}
2025-08-20 12:31:07 [INFO]: Health checks periódicos iniciados {"interval":30000}
2025-08-20 12:31:07 [INFO]: ✅ Promo Service inicializado com sucesso
2025-08-20 12:31:07 [INFO]: 🔄 Sincronização automática iniciada a cada 300 segundos
2025-08-20 12:31:07 [INFO]: ✅ Sync Service inicializado
2025-08-20 12:31:07 [INFO]: ✅ Chat Service inicializado com sucesso
2025-08-20 12:31:07 [INFO]: ✅ Driver Notification Service inicializado
2025-08-20 12:31:07 [INFO]: ✅ Driver Approval Service inicializado
2025-08-20 12:31:07 [INFO]: ✅ Metrics Service inicializado
2025-08-20 12:31:37 [INFO]: Performance: Redis Health Check {"duration":"34ms","operation":"Redis Health Check","status":"healthy"}
2025-08-20 12:31:42 [ERROR]: WebSocket health check falhou {"error":"WebSocket was closed before the connection was established"}
2025-08-20 12:33:21 [INFO]: ✅ FCM Service inicializado com sucesso
2025-08-20 12:33:21 [INFO]: Servidor HTTP iniciado com sucesso {"port":3001,"environment":"development"}
2025-08-20 12:33:21 [INFO]: Servidor WebSocket iniciado com sucesso {"port":3002,"environment":"development"}
2025-08-20 12:33:21 [INFO]: Health checks periódicos iniciados {"interval":30000}
2025-08-20 12:33:21 [INFO]: ✅ Promo Service inicializado com sucesso
2025-08-20 12:33:21 [INFO]: ✅ Driver Notification Service inicializado
2025-08-20 12:33:21 [INFO]: ✅ Driver Approval Service inicializado
2025-08-20 12:33:21 [INFO]: ✅ Chat Service inicializado com sucesso
2025-08-20 12:33:21 [INFO]: 🔄 Sincronização automática iniciada a cada 300 segundos
2025-08-20 12:33:21 [INFO]: ✅ Sync Service inicializado
2025-08-20 12:33:21 [INFO]: ✅ Metrics Service inicializado
2025-08-20 12:33:51 [INFO]: Performance: Redis Health Check {"duration":"33ms","operation":"Redis Health Check","status":"healthy"}
2025-08-20 12:33:56 [ERROR]: WebSocket health check falhou {"error":"WebSocket was closed before the connection was established"}
2025-08-20 12:38:21 [INFO]: 🔄 Iniciando sincronização completa...
2025-08-20 12:38:23 [INFO]: ✅ 0 motoristas sincronizados
2025-08-20 12:38:23 [INFO]: ✅ 0 documentos sincronizados
2025-08-20 12:38:24 [INFO]: ✅ 0 status sincronizados
2025-08-20 12:38:24 [INFO]: ✅ 0 notificações sincronizadas
2025-08-20 12:38:24 [INFO]: ✅ Sincronização completa concluída em 2803ms:
2025-08-20 12:38:24 [INFO]:    - Motoristas: 0
2025-08-20 12:38:24 [INFO]:    - Documentos: 0
2025-08-20 12:38:24 [INFO]:    - Status: 0
2025-08-20 12:38:24 [INFO]:    - Notificações: 0
2025-08-20 12:38:53 [ERROR]: API health check falhou {"error":"fetch failed"}
2025-08-20 12:38:53 [WARN]: Alguns health checks falharam {"results":[{"check":"redis","status":"fulfilled","value":true},{"check":"api","status":"fulfilled","value":false},{"check":"websocket","status":"fulfilled","value":false},{"check":"system","status":"fulfilled","value":true},{"check":"external","status":"fulfilled","value":true}]}
2025-08-20 12:39:21 [INFO]: Performance: Redis Health Check {"duration":"2ms","operation":"Redis Health Check","status":"healthy"}
2025-08-20 12:39:26 [ERROR]: WebSocket health check falhou {"error":"WebSocket was closed before the connection was established"}
2025-08-20 12:43:21 [INFO]: 🔄 Iniciando sincronização completa...
2025-08-20 12:43:23 [INFO]: ✅ 0 motoristas sincronizados
2025-08-20 12:43:23 [INFO]: ✅ 0 documentos sincronizados
2025-08-20 12:43:24 [INFO]: ✅ 0 status sincronizados
2025-08-20 12:43:24 [INFO]: ✅ 0 notificações sincronizadas
2025-08-20 12:43:24 [INFO]: ✅ Sincronização completa concluída em 2701ms:
2025-08-20 12:43:24 [INFO]:    - Motoristas: 0
2025-08-20 12:43:24 [INFO]:    - Documentos: 0
2025-08-20 12:43:24 [INFO]:    - Status: 0
2025-08-20 12:43:24 [INFO]:    - Notificações: 0
2025-08-20 12:44:23 [ERROR]: API health check falhou {"error":"fetch failed"}
2025-08-20 12:44:23 [WARN]: Alguns health checks falharam {"results":[{"check":"redis","status":"fulfilled","value":true},{"check":"api","status":"fulfilled","value":false},{"check":"websocket","status":"fulfilled","value":false},{"check":"system","status":"fulfilled","value":true},{"check":"external","status":"fulfilled","value":true}]}
2025-08-20 12:44:51 [INFO]: Performance: Redis Health Check {"duration":"3ms","operation":"Redis Health Check","status":"healthy"}
2025-08-20 12:44:56 [ERROR]: WebSocket health check falhou {"error":"WebSocket was closed before the connection was established"}
2025-08-20 12:48:21 [INFO]: 🔄 Iniciando sincronização completa...
2025-08-20 12:48:22 [INFO]: ✅ 0 motoristas sincronizados
2025-08-20 12:48:22 [INFO]: ✅ 0 documentos sincronizados
2025-08-20 12:48:23 [INFO]: ✅ 0 status sincronizados
2025-08-20 12:48:23 [INFO]: ✅ 0 notificações sincronizadas
2025-08-20 12:48:23 [INFO]: ✅ Sincronização completa concluída em 1855ms:
2025-08-20 12:48:23 [INFO]:    - Motoristas: 0
2025-08-20 12:48:23 [INFO]:    - Documentos: 0
2025-08-20 12:48:23 [INFO]:    - Status: 0
2025-08-20 12:48:23 [INFO]:    - Notificações: 0
2025-08-20 12:52:45 [INFO]: ✅ FCM Service inicializado com sucesso
2025-08-20 12:52:45 [INFO]: Servidor HTTP + WebSocket iniciado com sucesso {"port":3001,"environment":"development"}
2025-08-20 12:52:45 [INFO]: Health checks periódicos iniciados {"interval":30000}
2025-08-20 12:52:45 [INFO]: ✅ Promo Service inicializado com sucesso
2025-08-20 12:53:00 [INFO]: ✅ FCM Service inicializado com sucesso
2025-08-20 12:53:00 [INFO]: Servidor HTTP + WebSocket iniciado com sucesso {"port":3001,"environment":"development"}
2025-08-20 12:53:00 [INFO]: Health checks periódicos iniciados {"interval":30000}
2025-08-20 12:53:00 [INFO]: ✅ Chat Service inicializado com sucesso
2025-08-20 12:53:00 [INFO]: ✅ Driver Notification Service inicializado
2025-08-20 12:53:00 [INFO]: ✅ Driver Approval Service inicializado
2025-08-20 12:53:00 [INFO]: ✅ Promo Service inicializado com sucesso
2025-08-20 12:53:00 [INFO]: 🔄 Sincronização automática iniciada a cada 300 segundos
2025-08-20 12:53:00 [INFO]: ✅ Sync Service inicializado
2025-08-20 12:53:00 [INFO]: ✅ Metrics Service inicializado
2025-08-20 12:53:30 [INFO]: Performance: Redis Health Check {"duration":"34ms","operation":"Redis Health Check","status":"healthy"}
2025-08-20 12:53:30 [ERROR]: API health check falhou {"error":"HTTP 404"}
2025-08-20 12:53:31 [ERROR]: WebSocket health check falhou {"error":"socket hang up"}
2025-08-20 12:53:31 [WARN]: Alguns health checks falharam {"results":[{"check":"redis","status":"fulfilled","value":true},{"check":"api","status":"fulfilled","value":false},{"check":"websocket","status":"fulfilled","value":false},{"check":"system","status":"fulfilled","value":true},{"check":"external","status":"fulfilled","value":true}]}
2025-08-20 12:54:00 [INFO]: Performance: Redis Health Check {"duration":"3ms","operation":"Redis Health Check","status":"healthy"}
2025-08-20 12:54:00 [ERROR]: API health check falhou {"error":"HTTP 404"}
2025-08-20 12:54:01 [ERROR]: WebSocket health check falhou {"error":"socket hang up"}
2025-08-20 12:54:01 [WARN]: Alguns health checks falharam {"results":[{"check":"redis","status":"fulfilled","value":true},{"check":"api","status":"fulfilled","value":false},{"check":"websocket","status":"fulfilled","value":false},{"check":"system","status":"fulfilled","value":true},{"check":"external","status":"fulfilled","value":true}]}
2025-08-20 12:54:30 [INFO]: Performance: Redis Health Check {"duration":"3ms","operation":"Redis Health Check","status":"healthy"}
2025-08-20 12:54:30 [ERROR]: API health check falhou {"error":"HTTP 404"}
2025-08-20 12:54:31 [ERROR]: WebSocket health check falhou {"error":"socket hang up"}
2025-08-20 12:54:31 [WARN]: Alguns health checks falharam {"results":[{"check":"redis","status":"fulfilled","value":true},{"check":"api","status":"fulfilled","value":false},{"check":"websocket","status":"fulfilled","value":false},{"check":"system","status":"fulfilled","value":true},{"check":"external","status":"fulfilled","value":true}]}
2025-08-20 12:55:00 [INFO]: Performance: Redis Health Check {"duration":"2ms","operation":"Redis Health Check","status":"healthy"}
2025-08-20 12:55:00 [ERROR]: API health check falhou {"error":"HTTP 404"}
2025-08-20 12:55:01 [ERROR]: WebSocket health check falhou {"error":"socket hang up"}
2025-08-20 12:55:01 [WARN]: Alguns health checks falharam {"results":[{"check":"redis","status":"fulfilled","value":true},{"check":"api","status":"fulfilled","value":false},{"check":"websocket","status":"fulfilled","value":false},{"check":"system","status":"fulfilled","value":true},{"check":"external","status":"fulfilled","value":true}]}
2025-08-20 12:55:30 [INFO]: Performance: Redis Health Check {"duration":"3ms","operation":"Redis Health Check","status":"healthy"}
2025-08-20 12:55:30 [ERROR]: API health check falhou {"error":"HTTP 404"}
2025-08-20 12:55:31 [ERROR]: WebSocket health check falhou {"error":"socket hang up"}
2025-08-20 12:55:31 [WARN]: Alguns health checks falharam {"results":[{"check":"redis","status":"fulfilled","value":true},{"check":"api","status":"fulfilled","value":false},{"check":"websocket","status":"fulfilled","value":false},{"check":"system","status":"fulfilled","value":true},{"check":"external","status":"fulfilled","value":true}]}
2025-08-20 12:56:00 [INFO]: Performance: Redis Health Check {"duration":"2ms","operation":"Redis Health Check","status":"healthy"}
2025-08-20 12:56:00 [ERROR]: API health check falhou {"error":"HTTP 404"}
2025-08-20 12:56:01 [ERROR]: WebSocket health check falhou {"error":"socket hang up"}
2025-08-20 12:56:01 [WARN]: Alguns health checks falharam {"results":[{"check":"redis","status":"fulfilled","value":true},{"check":"api","status":"fulfilled","value":false},{"check":"websocket","status":"fulfilled","value":false},{"check":"system","status":"fulfilled","value":true},{"check":"external","status":"fulfilled","value":true}]}
2025-08-20 12:56:30 [INFO]: Performance: Redis Health Check {"duration":"3ms","operation":"Redis Health Check","status":"healthy"}
2025-08-20 12:56:30 [ERROR]: API health check falhou {"error":"HTTP 404"}
2025-08-20 12:56:31 [ERROR]: WebSocket health check falhou {"error":"socket hang up"}
2025-08-20 12:56:31 [WARN]: Alguns health checks falharam {"results":[{"check":"redis","status":"fulfilled","value":true},{"check":"api","status":"fulfilled","value":false},{"check":"websocket","status":"fulfilled","value":false},{"check":"system","status":"fulfilled","value":true},{"check":"external","status":"fulfilled","value":true}]}
2025-08-20 12:57:00 [INFO]: Performance: Redis Health Check {"duration":"2ms","operation":"Redis Health Check","status":"healthy"}
2025-08-20 12:57:00 [ERROR]: API health check falhou {"error":"HTTP 404"}
2025-08-20 12:57:01 [ERROR]: WebSocket health check falhou {"error":"socket hang up"}
2025-08-20 12:57:01 [WARN]: Alguns health checks falharam {"results":[{"check":"redis","status":"fulfilled","value":true},{"check":"api","status":"fulfilled","value":false},{"check":"websocket","status":"fulfilled","value":false},{"check":"system","status":"fulfilled","value":true},{"check":"external","status":"fulfilled","value":true}]}
2025-08-20 12:57:30 [INFO]: Performance: Redis Health Check {"duration":"2ms","operation":"Redis Health Check","status":"healthy"}
2025-08-20 12:57:30 [ERROR]: API health check falhou {"error":"HTTP 404"}
2025-08-20 12:57:31 [ERROR]: WebSocket health check falhou {"error":"socket hang up"}
2025-08-20 12:57:31 [WARN]: Alguns health checks falharam {"results":[{"check":"redis","status":"fulfilled","value":true},{"check":"api","status":"fulfilled","value":false},{"check":"websocket","status":"fulfilled","value":false},{"check":"system","status":"fulfilled","value":true},{"check":"external","status":"fulfilled","value":true}]}
2025-08-20 12:58:00 [INFO]: Performance: Redis Health Check {"duration":"2ms","operation":"Redis Health Check","status":"healthy"}
2025-08-20 12:58:00 [ERROR]: API health check falhou {"error":"HTTP 404"}
2025-08-20 12:58:00 [INFO]: 🔄 Iniciando sincronização completa...
2025-08-20 12:58:01 [ERROR]: WebSocket health check falhou {"error":"socket hang up"}
2025-08-20 12:58:01 [WARN]: Alguns health checks falharam {"results":[{"check":"redis","status":"fulfilled","value":true},{"check":"api","status":"fulfilled","value":false},{"check":"websocket","status":"fulfilled","value":false},{"check":"system","status":"fulfilled","value":true},{"check":"external","status":"fulfilled","value":true}]}
2025-08-20 12:58:02 [INFO]: ✅ 0 motoristas sincronizados
2025-08-20 12:58:02 [INFO]: ✅ 0 documentos sincronizados
2025-08-20 12:58:02 [INFO]: ✅ 0 status sincronizados
2025-08-20 12:58:03 [INFO]: ✅ 0 notificações sincronizadas
2025-08-20 12:58:03 [INFO]: ✅ Sincronização completa concluída em 2443ms:
2025-08-20 12:58:03 [INFO]:    - Motoristas: 0
2025-08-20 12:58:03 [INFO]:    - Documentos: 0
2025-08-20 12:58:03 [INFO]:    - Status: 0
2025-08-20 12:58:03 [INFO]:    - Notificações: 0
2025-08-20 12:58:30 [INFO]: Performance: Redis Health Check {"duration":"2ms","operation":"Redis Health Check","status":"healthy"}
2025-08-20 12:58:30 [ERROR]: API health check falhou {"error":"HTTP 404"}
2025-08-20 12:58:31 [ERROR]: WebSocket health check falhou {"error":"socket hang up"}
2025-08-20 12:58:31 [WARN]: Alguns health checks falharam {"results":[{"check":"redis","status":"fulfilled","value":true},{"check":"api","status":"fulfilled","value":false},{"check":"websocket","status":"fulfilled","value":false},{"check":"system","status":"fulfilled","value":true},{"check":"external","status":"fulfilled","value":true}]}
2025-08-20 12:59:00 [INFO]: Performance: Redis Health Check {"duration":"2ms","operation":"Redis Health Check","status":"healthy"}
2025-08-20 12:59:00 [ERROR]: API health check falhou {"error":"HTTP 404"}
2025-08-20 12:59:01 [ERROR]: WebSocket health check falhou {"error":"socket hang up"}
2025-08-20 12:59:01 [WARN]: Alguns health checks falharam {"results":[{"check":"redis","status":"fulfilled","value":true},{"check":"api","status":"fulfilled","value":false},{"check":"websocket","status":"fulfilled","value":false},{"check":"system","status":"fulfilled","value":true},{"check":"external","status":"fulfilled","value":true}]}
2025-08-20 12:59:30 [INFO]: Performance: Redis Health Check {"duration":"2ms","operation":"Redis Health Check","status":"healthy"}
2025-08-20 12:59:30 [ERROR]: API health check falhou {"error":"HTTP 404"}
2025-08-20 12:59:31 [ERROR]: WebSocket health check falhou {"error":"socket hang up"}
2025-08-20 12:59:31 [WARN]: Alguns health checks falharam {"results":[{"check":"redis","status":"fulfilled","value":true},{"check":"api","status":"fulfilled","value":false},{"check":"websocket","status":"fulfilled","value":false},{"check":"system","status":"fulfilled","value":true},{"check":"external","status":"fulfilled","value":true}]}
2025-08-20 13:00:00 [INFO]: Performance: Redis Health Check {"duration":"2ms","operation":"Redis Health Check","status":"healthy"}
2025-08-20 13:00:00 [ERROR]: API health check falhou {"error":"HTTP 404"}
2025-08-20 13:00:01 [ERROR]: WebSocket health check falhou {"error":"socket hang up"}
2025-08-20 13:00:01 [WARN]: Alguns health checks falharam {"results":[{"check":"redis","status":"fulfilled","value":true},{"check":"api","status":"fulfilled","value":false},{"check":"websocket","status":"fulfilled","value":false},{"check":"system","status":"fulfilled","value":true},{"check":"external","status":"fulfilled","value":true}]}
2025-08-20 13:00:30 [INFO]: Performance: Redis Health Check {"duration":"2ms","operation":"Redis Health Check","status":"healthy"}
2025-08-20 13:00:30 [ERROR]: API health check falhou {"error":"HTTP 404"}
