2025-07-29 01:24:52 [ERROR]: WebSocket health check falhou {"error":"socket hang up"}
2025-07-29 01:25:47 [ERROR]: Teste de erro {"test":"error"}
2025-07-29 01:25:47 [ERROR]: API health check falhou {"error":"fetch failed"}
2025-07-29 01:25:47 [ERROR]: WebSocket health check falhou {"error":"connect ECONNREFUSED 127.0.0.1:3001"}
2025-07-29 01:36:50 [ERROR]: WebSocket health check falhou {"error":"socket hang up"}
2025-07-29 01:41:50 [ERROR]: API health check falhou {"error":"fetch failed"}
2025-07-29 01:42:20 [ERROR]: WebSocket health check falhou {"error":"socket hang up"}
2025-07-29 01:47:20 [ERROR]: API health check falhou {"error":"fetch failed"}
2025-07-29 01:47:50 [ERROR]: WebSocket health check falhou {"error":"socket hang up"}
2025-07-29 01:52:50 [ERROR]: API health check falhou {"error":"fetch failed"}
2025-07-29 01:53:20 [ERROR]: WebSocket health check falhou {"error":"socket hang up"}
2025-07-29 01:58:20 [ERROR]: API health check falhou {"error":"fetch failed"}
2025-07-29 01:58:50 [ERROR]: WebSocket health check falhou {"error":"socket hang up"}
2025-07-29 02:03:50 [ERROR]: API health check falhou {"error":"fetch failed"}
2025-07-29 02:04:20 [ERROR]: WebSocket health check falhou {"error":"socket hang up"}
2025-07-29 02:09:20 [ERROR]: API health check falhou {"error":"fetch failed"}
2025-07-29 02:09:50 [ERROR]: WebSocket health check falhou {"error":"socket hang up"}
2025-07-29 02:14:50 [ERROR]: API health check falhou {"error":"fetch failed"}
2025-07-29 02:15:20 [ERROR]: WebSocket health check falhou {"error":"socket hang up"}
2025-07-29 02:20:20 [ERROR]: API health check falhou {"error":"fetch failed"}
2025-07-29 02:20:50 [ERROR]: WebSocket health check falhou {"error":"socket hang up"}
2025-07-29 02:25:50 [ERROR]: API health check falhou {"error":"fetch failed"}
2025-07-29 02:26:20 [ERROR]: WebSocket health check falhou {"error":"socket hang up"}
2025-07-29 02:31:20 [ERROR]: API health check falhou {"error":"fetch failed"}
2025-07-29 02:31:50 [ERROR]: WebSocket health check falhou {"error":"socket hang up"}
2025-07-29 02:36:50 [ERROR]: API health check falhou {"error":"fetch failed"}
2025-07-29 02:37:20 [ERROR]: WebSocket health check falhou {"error":"socket hang up"}
2025-07-29 02:42:20 [ERROR]: API health check falhou {"error":"fetch failed"}
2025-07-29 02:42:50 [ERROR]: WebSocket health check falhou {"error":"socket hang up"}
2025-07-29 02:47:50 [ERROR]: API health check falhou {"error":"fetch failed"}
2025-07-29 02:48:20 [ERROR]: WebSocket health check falhou {"error":"socket hang up"}
2025-07-29 02:53:20 [ERROR]: API health check falhou {"error":"fetch failed"}
2025-07-29 02:53:50 [ERROR]: WebSocket health check falhou {"error":"socket hang up"}
2025-07-29 02:58:50 [ERROR]: API health check falhou {"error":"fetch failed"}
2025-07-29 02:59:20 [ERROR]: WebSocket health check falhou {"error":"socket hang up"}
2025-07-29 03:04:20 [ERROR]: API health check falhou {"error":"fetch failed"}
2025-07-29 03:04:50 [ERROR]: WebSocket health check falhou {"error":"socket hang up"}
2025-07-29 03:09:50 [ERROR]: API health check falhou {"error":"fetch failed"}
2025-07-29 03:10:20 [ERROR]: WebSocket health check falhou {"error":"socket hang up"}
2025-07-29 03:15:20 [ERROR]: API health check falhou {"error":"fetch failed"}
2025-07-29 03:15:50 [ERROR]: WebSocket health check falhou {"error":"socket hang up"}
2025-07-29 03:20:50 [ERROR]: API health check falhou {"error":"fetch failed"}
2025-07-29 03:21:20 [ERROR]: WebSocket health check falhou {"error":"socket hang up"}
2025-07-29 03:26:20 [ERROR]: API health check falhou {"error":"fetch failed"}
2025-07-29 03:26:50 [ERROR]: WebSocket health check falhou {"error":"socket hang up"}
2025-07-29 03:31:50 [ERROR]: API health check falhou {"error":"fetch failed"}
2025-07-29 03:32:20 [ERROR]: WebSocket health check falhou {"error":"socket hang up"}
2025-07-29 03:37:20 [ERROR]: API health check falhou {"error":"fetch failed"}
2025-07-29 03:37:50 [ERROR]: WebSocket health check falhou {"error":"socket hang up"}
2025-07-29 03:42:50 [ERROR]: API health check falhou {"error":"fetch failed"}
2025-07-29 03:43:20 [ERROR]: WebSocket health check falhou {"error":"socket hang up"}
2025-08-20 12:25:26 [ERROR]: WebSocket health check falhou {"error":"socket hang up"}
2025-08-20 12:26:13 [ERROR]: WebSocket health check falhou {"error":"socket hang up"}
2025-08-20 12:31:42 [ERROR]: WebSocket health check falhou {"error":"WebSocket was closed before the connection was established"}
2025-08-20 12:33:56 [ERROR]: WebSocket health check falhou {"error":"WebSocket was closed before the connection was established"}
2025-08-20 12:38:53 [ERROR]: API health check falhou {"error":"fetch failed"}
2025-08-20 12:39:26 [ERROR]: WebSocket health check falhou {"error":"WebSocket was closed before the connection was established"}
2025-08-20 12:44:23 [ERROR]: API health check falhou {"error":"fetch failed"}
2025-08-20 12:44:56 [ERROR]: WebSocket health check falhou {"error":"WebSocket was closed before the connection was established"}
2025-08-20 12:53:30 [ERROR]: API health check falhou {"error":"HTTP 404"}
2025-08-20 12:53:31 [ERROR]: WebSocket health check falhou {"error":"socket hang up"}
2025-08-20 12:54:00 [ERROR]: API health check falhou {"error":"HTTP 404"}
2025-08-20 12:54:01 [ERROR]: WebSocket health check falhou {"error":"socket hang up"}
2025-08-20 12:54:30 [ERROR]: API health check falhou {"error":"HTTP 404"}
2025-08-20 12:54:31 [ERROR]: WebSocket health check falhou {"error":"socket hang up"}
2025-08-20 12:55:00 [ERROR]: API health check falhou {"error":"HTTP 404"}
2025-08-20 12:55:01 [ERROR]: WebSocket health check falhou {"error":"socket hang up"}
2025-08-20 12:55:30 [ERROR]: API health check falhou {"error":"HTTP 404"}
2025-08-20 12:55:31 [ERROR]: WebSocket health check falhou {"error":"socket hang up"}
2025-08-20 12:56:00 [ERROR]: API health check falhou {"error":"HTTP 404"}
2025-08-20 12:56:01 [ERROR]: WebSocket health check falhou {"error":"socket hang up"}
2025-08-20 12:56:30 [ERROR]: API health check falhou {"error":"HTTP 404"}
2025-08-20 12:56:31 [ERROR]: WebSocket health check falhou {"error":"socket hang up"}
2025-08-20 12:57:00 [ERROR]: API health check falhou {"error":"HTTP 404"}
2025-08-20 12:57:01 [ERROR]: WebSocket health check falhou {"error":"socket hang up"}
2025-08-20 12:57:30 [ERROR]: API health check falhou {"error":"HTTP 404"}
2025-08-20 12:57:31 [ERROR]: WebSocket health check falhou {"error":"socket hang up"}
2025-08-20 12:58:00 [ERROR]: API health check falhou {"error":"HTTP 404"}
2025-08-20 12:58:01 [ERROR]: WebSocket health check falhou {"error":"socket hang up"}
2025-08-20 12:58:30 [ERROR]: API health check falhou {"error":"HTTP 404"}
2025-08-20 12:58:31 [ERROR]: WebSocket health check falhou {"error":"socket hang up"}
2025-08-20 12:59:00 [ERROR]: API health check falhou {"error":"HTTP 404"}
2025-08-20 12:59:01 [ERROR]: WebSocket health check falhou {"error":"socket hang up"}
2025-08-20 12:59:30 [ERROR]: API health check falhou {"error":"HTTP 404"}
2025-08-20 12:59:31 [ERROR]: WebSocket health check falhou {"error":"socket hang up"}
2025-08-20 13:00:00 [ERROR]: API health check falhou {"error":"HTTP 404"}
2025-08-20 13:00:01 [ERROR]: WebSocket health check falhou {"error":"socket hang up"}
2025-08-20 13:00:30 [ERROR]: API health check falhou {"error":"HTTP 404"}
