2025-07-29 01:24:21 [INFO]: Servidor WebSocket iniciado com sucesso {"port":3001,"environment":"development"}
2025-07-29 01:24:21 [INFO]: Health checks periódicos iniciados {"interval":30000}
2025-07-29 01:24:51 [INFO]: Performance: Redis Health Check {"duration":"31ms","operation":"Redis Health Check","status":"healthy"}
2025-07-29 01:24:52 [ERROR]: WebSocket health check falhou {"error":"socket hang up"}
2025-07-29 01:25:47 [INFO]: Teste de logging estruturado {"test":"logging"}
2025-07-29 01:25:47 [WARN]: Teste de warning {"test":"warning"}
2025-07-29 01:25:47 [ERROR]: Teste de erro {"test":"error"}
2025-07-29 01:25:47 [ERROR]: API health check falhou {"error":"fetch failed"}
2025-07-29 01:25:47 [ERROR]: WebSocket health check falhou {"error":"connect ECONNREFUSED 127.0.0.1:3001"}
2025-07-29 01:25:47 [INFO]: Performance: Redis Health Check {"duration":"46ms","operation":"Redis Health Check","status":"healthy"}
2025-07-29 01:25:47 [WARN]: Alguns health checks falharam {"results":[{"check":"redis","status":"fulfilled","value":true},{"check":"api","status":"fulfilled","value":false},{"check":"websocket","status":"fulfilled","value":false},{"check":"system","status":"fulfilled","value":true},{"check":"external","status":"fulfilled","value":true}]}
2025-07-29 01:36:19 [INFO]: Servidor WebSocket iniciado com sucesso {"port":3001,"environment":"development"}
2025-07-29 01:36:19 [INFO]: Health checks periódicos iniciados {"interval":30000}
2025-07-29 01:36:49 [INFO]: Performance: Redis Health Check {"duration":"33ms","operation":"Redis Health Check","status":"healthy"}
2025-07-29 01:36:50 [ERROR]: WebSocket health check falhou {"error":"socket hang up"}
2025-07-29 01:41:50 [ERROR]: API health check falhou {"error":"fetch failed"}
2025-07-29 01:41:50 [WARN]: Alguns health checks falharam {"results":[{"check":"redis","status":"fulfilled","value":true},{"check":"api","status":"fulfilled","value":false},{"check":"websocket","status":"fulfilled","value":false},{"check":"system","status":"fulfilled","value":true},{"check":"external","status":"fulfilled","value":true}]}
2025-07-29 01:42:19 [INFO]: Performance: Redis Health Check {"duration":"3ms","operation":"Redis Health Check","status":"healthy"}
2025-07-29 01:42:20 [ERROR]: WebSocket health check falhou {"error":"socket hang up"}
2025-07-29 01:47:20 [ERROR]: API health check falhou {"error":"fetch failed"}
2025-07-29 01:47:20 [WARN]: Alguns health checks falharam {"results":[{"check":"redis","status":"fulfilled","value":true},{"check":"api","status":"fulfilled","value":false},{"check":"websocket","status":"fulfilled","value":false},{"check":"system","status":"fulfilled","value":true},{"check":"external","status":"fulfilled","value":true}]}
2025-07-29 01:47:49 [INFO]: Performance: Redis Health Check {"duration":"2ms","operation":"Redis Health Check","status":"healthy"}
2025-07-29 01:47:50 [ERROR]: WebSocket health check falhou {"error":"socket hang up"}
2025-07-29 01:52:50 [ERROR]: API health check falhou {"error":"fetch failed"}
2025-07-29 01:52:50 [WARN]: Alguns health checks falharam {"results":[{"check":"redis","status":"fulfilled","value":true},{"check":"api","status":"fulfilled","value":false},{"check":"websocket","status":"fulfilled","value":false},{"check":"system","status":"fulfilled","value":true},{"check":"external","status":"fulfilled","value":true}]}
2025-07-29 01:53:19 [INFO]: Performance: Redis Health Check {"duration":"2ms","operation":"Redis Health Check","status":"healthy"}
2025-07-29 01:53:20 [ERROR]: WebSocket health check falhou {"error":"socket hang up"}
2025-07-29 01:58:20 [ERROR]: API health check falhou {"error":"fetch failed"}
2025-07-29 01:58:20 [WARN]: Alguns health checks falharam {"results":[{"check":"redis","status":"fulfilled","value":true},{"check":"api","status":"fulfilled","value":false},{"check":"websocket","status":"fulfilled","value":false},{"check":"system","status":"fulfilled","value":true},{"check":"external","status":"fulfilled","value":true}]}
2025-07-29 01:58:49 [INFO]: Performance: Redis Health Check {"duration":"4ms","operation":"Redis Health Check","status":"healthy"}
2025-07-29 01:58:50 [ERROR]: WebSocket health check falhou {"error":"socket hang up"}
2025-07-29 02:03:50 [ERROR]: API health check falhou {"error":"fetch failed"}
2025-07-29 02:03:50 [WARN]: Alguns health checks falharam {"results":[{"check":"redis","status":"fulfilled","value":true},{"check":"api","status":"fulfilled","value":false},{"check":"websocket","status":"fulfilled","value":false},{"check":"system","status":"fulfilled","value":true},{"check":"external","status":"fulfilled","value":true}]}
2025-07-29 02:04:19 [INFO]: Performance: Redis Health Check {"duration":"2ms","operation":"Redis Health Check","status":"healthy"}
2025-07-29 02:04:20 [ERROR]: WebSocket health check falhou {"error":"socket hang up"}
2025-07-29 02:09:20 [ERROR]: API health check falhou {"error":"fetch failed"}
2025-07-29 02:09:20 [WARN]: Alguns health checks falharam {"results":[{"check":"redis","status":"fulfilled","value":true},{"check":"api","status":"fulfilled","value":false},{"check":"websocket","status":"fulfilled","value":false},{"check":"system","status":"fulfilled","value":true},{"check":"external","status":"fulfilled","value":true}]}
2025-07-29 02:09:49 [INFO]: Performance: Redis Health Check {"duration":"2ms","operation":"Redis Health Check","status":"healthy"}
2025-07-29 02:09:50 [ERROR]: WebSocket health check falhou {"error":"socket hang up"}
2025-07-29 02:14:50 [ERROR]: API health check falhou {"error":"fetch failed"}
2025-07-29 02:14:50 [WARN]: Alguns health checks falharam {"results":[{"check":"redis","status":"fulfilled","value":true},{"check":"api","status":"fulfilled","value":false},{"check":"websocket","status":"fulfilled","value":false},{"check":"system","status":"fulfilled","value":true},{"check":"external","status":"fulfilled","value":true}]}
2025-07-29 02:15:19 [INFO]: Performance: Redis Health Check {"duration":"2ms","operation":"Redis Health Check","status":"healthy"}
2025-07-29 02:15:20 [ERROR]: WebSocket health check falhou {"error":"socket hang up"}
2025-07-29 02:20:20 [ERROR]: API health check falhou {"error":"fetch failed"}
2025-07-29 02:20:20 [WARN]: Alguns health checks falharam {"results":[{"check":"redis","status":"fulfilled","value":true},{"check":"api","status":"fulfilled","value":false},{"check":"websocket","status":"fulfilled","value":false},{"check":"system","status":"fulfilled","value":true},{"check":"external","status":"fulfilled","value":true}]}
2025-07-29 02:20:49 [INFO]: Performance: Redis Health Check {"duration":"2ms","operation":"Redis Health Check","status":"healthy"}
2025-07-29 02:20:50 [ERROR]: WebSocket health check falhou {"error":"socket hang up"}
2025-07-29 02:25:50 [ERROR]: API health check falhou {"error":"fetch failed"}
2025-07-29 02:25:50 [WARN]: Alguns health checks falharam {"results":[{"check":"redis","status":"fulfilled","value":true},{"check":"api","status":"fulfilled","value":false},{"check":"websocket","status":"fulfilled","value":false},{"check":"system","status":"fulfilled","value":true},{"check":"external","status":"fulfilled","value":true}]}
2025-07-29 02:26:19 [INFO]: Performance: Redis Health Check {"duration":"2ms","operation":"Redis Health Check","status":"healthy"}
2025-07-29 02:26:20 [ERROR]: WebSocket health check falhou {"error":"socket hang up"}
2025-07-29 02:31:20 [ERROR]: API health check falhou {"error":"fetch failed"}
2025-07-29 02:31:20 [WARN]: Alguns health checks falharam {"results":[{"check":"redis","status":"fulfilled","value":true},{"check":"api","status":"fulfilled","value":false},{"check":"websocket","status":"fulfilled","value":false},{"check":"system","status":"fulfilled","value":true},{"check":"external","status":"fulfilled","value":true}]}
2025-07-29 02:31:49 [INFO]: Performance: Redis Health Check {"duration":"3ms","operation":"Redis Health Check","status":"healthy"}
2025-07-29 02:31:50 [ERROR]: WebSocket health check falhou {"error":"socket hang up"}
2025-07-29 02:36:50 [ERROR]: API health check falhou {"error":"fetch failed"}
2025-07-29 02:36:50 [WARN]: Alguns health checks falharam {"results":[{"check":"redis","status":"fulfilled","value":true},{"check":"api","status":"fulfilled","value":false},{"check":"websocket","status":"fulfilled","value":false},{"check":"system","status":"fulfilled","value":true},{"check":"external","status":"fulfilled","value":true}]}
2025-07-29 02:37:19 [INFO]: Performance: Redis Health Check {"duration":"4ms","operation":"Redis Health Check","status":"healthy"}
2025-07-29 02:37:20 [ERROR]: WebSocket health check falhou {"error":"socket hang up"}
2025-07-29 02:42:20 [ERROR]: API health check falhou {"error":"fetch failed"}
2025-07-29 02:42:20 [WARN]: Alguns health checks falharam {"results":[{"check":"redis","status":"fulfilled","value":true},{"check":"api","status":"fulfilled","value":false},{"check":"websocket","status":"fulfilled","value":false},{"check":"system","status":"fulfilled","value":true},{"check":"external","status":"fulfilled","value":true}]}
2025-07-29 02:42:49 [INFO]: Performance: Redis Health Check {"duration":"2ms","operation":"Redis Health Check","status":"healthy"}
2025-07-29 02:42:50 [ERROR]: WebSocket health check falhou {"error":"socket hang up"}
2025-07-29 02:47:50 [ERROR]: API health check falhou {"error":"fetch failed"}
2025-07-29 02:47:50 [WARN]: Alguns health checks falharam {"results":[{"check":"redis","status":"fulfilled","value":true},{"check":"api","status":"fulfilled","value":false},{"check":"websocket","status":"fulfilled","value":false},{"check":"system","status":"fulfilled","value":true},{"check":"external","status":"fulfilled","value":true}]}
2025-07-29 02:48:19 [INFO]: Performance: Redis Health Check {"duration":"2ms","operation":"Redis Health Check","status":"healthy"}
2025-07-29 02:48:20 [ERROR]: WebSocket health check falhou {"error":"socket hang up"}
2025-07-29 02:53:20 [ERROR]: API health check falhou {"error":"fetch failed"}
2025-07-29 02:53:20 [WARN]: Alguns health checks falharam {"results":[{"check":"redis","status":"fulfilled","value":true},{"check":"api","status":"fulfilled","value":false},{"check":"websocket","status":"fulfilled","value":false},{"check":"system","status":"fulfilled","value":true},{"check":"external","status":"fulfilled","value":true}]}
2025-07-29 02:53:49 [INFO]: Performance: Redis Health Check {"duration":"2ms","operation":"Redis Health Check","status":"healthy"}
2025-07-29 02:53:50 [ERROR]: WebSocket health check falhou {"error":"socket hang up"}
2025-07-29 02:58:50 [ERROR]: API health check falhou {"error":"fetch failed"}
2025-07-29 02:58:50 [WARN]: Alguns health checks falharam {"results":[{"check":"redis","status":"fulfilled","value":true},{"check":"api","status":"fulfilled","value":false},{"check":"websocket","status":"fulfilled","value":false},{"check":"system","status":"fulfilled","value":true},{"check":"external","status":"fulfilled","value":true}]}
2025-07-29 02:59:19 [INFO]: Performance: Redis Health Check {"duration":"2ms","operation":"Redis Health Check","status":"healthy"}
2025-07-29 02:59:20 [ERROR]: WebSocket health check falhou {"error":"socket hang up"}
2025-07-29 03:04:20 [ERROR]: API health check falhou {"error":"fetch failed"}
2025-07-29 03:04:20 [WARN]: Alguns health checks falharam {"results":[{"check":"redis","status":"fulfilled","value":true},{"check":"api","status":"fulfilled","value":false},{"check":"websocket","status":"fulfilled","value":false},{"check":"system","status":"fulfilled","value":true},{"check":"external","status":"fulfilled","value":true}]}
2025-07-29 03:04:49 [INFO]: Performance: Redis Health Check {"duration":"1ms","operation":"Redis Health Check","status":"healthy"}
2025-07-29 03:04:50 [ERROR]: WebSocket health check falhou {"error":"socket hang up"}
2025-07-29 03:09:50 [ERROR]: API health check falhou {"error":"fetch failed"}
2025-07-29 03:09:50 [WARN]: Alguns health checks falharam {"results":[{"check":"redis","status":"fulfilled","value":true},{"check":"api","status":"fulfilled","value":false},{"check":"websocket","status":"fulfilled","value":false},{"check":"system","status":"fulfilled","value":true},{"check":"external","status":"fulfilled","value":true}]}
2025-07-29 03:10:19 [INFO]: Performance: Redis Health Check {"duration":"1ms","operation":"Redis Health Check","status":"healthy"}
2025-07-29 03:10:20 [ERROR]: WebSocket health check falhou {"error":"socket hang up"}
2025-07-29 03:15:20 [ERROR]: API health check falhou {"error":"fetch failed"}
2025-07-29 03:15:20 [WARN]: Alguns health checks falharam {"results":[{"check":"redis","status":"fulfilled","value":true},{"check":"api","status":"fulfilled","value":false},{"check":"websocket","status":"fulfilled","value":false},{"check":"system","status":"fulfilled","value":true},{"check":"external","status":"fulfilled","value":true}]}
2025-07-29 03:15:49 [INFO]: Performance: Redis Health Check {"duration":"1ms","operation":"Redis Health Check","status":"healthy"}
2025-07-29 03:15:50 [ERROR]: WebSocket health check falhou {"error":"socket hang up"}
2025-07-29 03:20:50 [ERROR]: API health check falhou {"error":"fetch failed"}
2025-07-29 03:20:50 [WARN]: Alguns health checks falharam {"results":[{"check":"redis","status":"fulfilled","value":true},{"check":"api","status":"fulfilled","value":false},{"check":"websocket","status":"fulfilled","value":false},{"check":"system","status":"fulfilled","value":true},{"check":"external","status":"fulfilled","value":true}]}
2025-07-29 03:21:19 [INFO]: Performance: Redis Health Check {"duration":"2ms","operation":"Redis Health Check","status":"healthy"}
2025-07-29 03:21:20 [ERROR]: WebSocket health check falhou {"error":"socket hang up"}
2025-07-29 03:26:20 [ERROR]: API health check falhou {"error":"fetch failed"}
2025-07-29 03:26:20 [WARN]: Alguns health checks falharam {"results":[{"check":"redis","status":"fulfilled","value":true},{"check":"api","status":"fulfilled","value":false},{"check":"websocket","status":"fulfilled","value":false},{"check":"system","status":"fulfilled","value":true},{"check":"external","status":"fulfilled","value":true}]}
2025-07-29 03:26:49 [INFO]: Performance: Redis Health Check {"duration":"3ms","operation":"Redis Health Check","status":"healthy"}
2025-07-29 03:26:50 [ERROR]: WebSocket health check falhou {"error":"socket hang up"}
2025-07-29 03:31:50 [ERROR]: API health check falhou {"error":"fetch failed"}
2025-07-29 03:31:50 [WARN]: Alguns health checks falharam {"results":[{"check":"redis","status":"fulfilled","value":true},{"check":"api","status":"fulfilled","value":false},{"check":"websocket","status":"fulfilled","value":false},{"check":"system","status":"fulfilled","value":true},{"check":"external","status":"fulfilled","value":true}]}
2025-07-29 03:32:19 [INFO]: Performance: Redis Health Check {"duration":"1ms","operation":"Redis Health Check","status":"healthy"}
2025-07-29 03:32:20 [ERROR]: WebSocket health check falhou {"error":"socket hang up"}
2025-07-29 03:37:20 [ERROR]: API health check falhou {"error":"fetch failed"}
2025-07-29 03:37:20 [WARN]: Alguns health checks falharam {"results":[{"check":"redis","status":"fulfilled","value":true},{"check":"api","status":"fulfilled","value":false},{"check":"websocket","status":"fulfilled","value":false},{"check":"system","status":"fulfilled","value":true},{"check":"external","status":"fulfilled","value":true}]}
2025-07-29 03:37:49 [INFO]: Performance: Redis Health Check {"duration":"3ms","operation":"Redis Health Check","status":"healthy"}
2025-07-29 03:37:50 [ERROR]: WebSocket health check falhou {"error":"socket hang up"}
