{
  "reportPath": "/opt/leaf-websocket-backend/stress-test-multi-user-1772788979711.json",
  "scenario": {
    "drivers": 10000,
    "passengers": 1000,
    "ratio": "10000:1000",
    "serverUrl": "http://127.0.0.1:3001",
    "tokenConcurrency": 80,
    "socketConcurrency": 300
  },
  "tokenStats": {
    "requested": 1000,
    "ok": 1000,
    "failed": 0,
    "durationSec": 6.03,
    "perSec": 165.92
  },
  "seedStats": {
    "seeded": 10000,
    "durationSec": 0.64,
    "perSec": 15600.62
  },
  "flow": {
    "total": 1000,
    "success": 176,
    "failed": 824,
    "successRate": 17.6,
    "durationSec": 73.73,
    "throughputReqPerSec": 13.56,
    "latencyMs": {
      "p50": 12445,
      "p95": 21368,
      "p99": 22108,
      "max": 22294
    },
    "topErrors": [
      {
        "error": "connect:timeout",
        "count": 824
      }
    ]
  },
  "totalDurationSec": 80.84,
  "timestamp": "2026-03-06T09:24:20.553Z"
}
